<?xml version="1.0" encoding="UTF-8"?>
<testsuite xmlns:xsi="http://www.w3.org/2001/XMLSchema-instance" xsi:noNamespaceSchemaLocation="https://maven.apache.org/surefire/maven-surefire-plugin/xsd/surefire-test-report-3.0.xsd" version="3.0" name="com.bank.BankAccountTest" time="0.068" tests="5" errors="0" skipped="0" failures="0">
  <properties>
[...]
</properties>
  <testcase name="testTransactionHistory" classname="com.bank.BankAccountTest" time="0.03"/>
  <testcase name="testInsufficientBalance" classname="com.bank.BankAccountTest" time="0.003"/>
  <testcase name="testWithdraw" classname="com.bank.BankAccountTest" time="0.003"/>
  <testcase name="testDeposit" classname="com.bank.BankAccountTest" time="0.001"/>
  <testcase name="testNegativeDeposit" classname="com.bank.BankAccountTest" time="0.002"/>
</testsuite>